Using pre-set license
Built from '2023.2/staging' branch; Version is '2023.2.20f1 (0e25a174756c) revision 927137'; Using compiler version '193431935'; Build Type 'Release'
OS: 'Windows 10  (10.0.19045) 64bit Professional' Language: 'ko' Physical Memory: 32680 MB
BatchMode: 1, IsHumanControllingUs: 0, StartBugReporterOnCrash: 0, Is64bit: 1, IsPro: 1

COMMAND LINE ARGUMENTS:
C:\Program Files\2023.2.20f1\Editor\Unity.exe
-adb2
-batchMode
-noUpm
-name
AssetImportWorker0
-projectPath
C:/Users/user/Downloads/VRProject_1
-logFile
Logs/AssetImportWorker0.log
-srvPort
57709
-job-worker-count
5
-background-job-worker-count
8
-asset-garbage-collectors
1
Successfully changed project path to: C:/Users/user/Downloads/VRProject_1
C:/Users/user/Downloads/VRProject_1
[UnityMemory] Configuration Parameters - Can be set up in boot.config
    "memorysetup-bucket-allocator-granularity=16"
    "memorysetup-bucket-allocator-bucket-count=8"
    "memorysetup-bucket-allocator-block-size=33554432"
    "memorysetup-bucket-allocator-block-count=8"
    "memorysetup-main-allocator-block-size=16777216"
    "memorysetup-thread-allocator-block-size=16777216"
    "memorysetup-gfx-main-allocator-block-size=16777216"
    "memorysetup-gfx-thread-allocator-block-size=16777216"
    "memorysetup-cache-allocator-block-size=4194304"
    "memorysetup-typetree-allocator-block-size=2097152"
    "memorysetup-profiler-bucket-allocator-granularity=16"
    "memorysetup-profiler-bucket-allocator-bucket-count=8"
    "memorysetup-profiler-bucket-allocator-block-size=33554432"
    "memorysetup-profiler-bucket-allocator-block-count=8"
    "memorysetup-profiler-allocator-block-size=16777216"
    "memorysetup-profiler-editor-allocator-block-size=1048576"
    "memorysetup-temp-allocator-size-main=16777216"
    "memorysetup-job-temp-allocator-block-size=2097152"
    "memorysetup-job-temp-allocator-block-size-background=1048576"
    "memorysetup-job-temp-allocator-reduction-small-platforms=262144"
    "memorysetup-allocator-temp-initial-block-size-main=262144"
    "memorysetup-allocator-temp-initial-block-size-worker=262144"
    "memorysetup-temp-allocator-size-background-worker=32768"
    "memorysetup-temp-allocator-size-job-worker=262144"
    "memorysetup-temp-allocator-size-preload-manager=33554432"
    "memorysetup-temp-allocator-size-nav-mesh-worker=65536"
    "memorysetup-temp-allocator-size-audio-worker=65536"
    "memorysetup-temp-allocator-size-cloud-worker=32768"
    "memorysetup-temp-allocator-size-gi-baking-worker=262144"
    "memorysetup-temp-allocator-size-gi-baking-worker=262144"
    "memorysetup-temp-allocator-size-gi-baking-worker=262144"
    "memorysetup-temp-allocator-size-gi-baking-worker=262144"
    "memorysetup-temp-allocator-size-gfx=262144"
Player connection [21116] Host "[IP] 192.168.50.229 [Port] 0 [Flags] 2 [Guid] 4247366748 [EditorId] 4247366748 [Version] 1048832 [Id] WindowsEditor(7,DESKTOP-28PIDPN) [Debug] 1 [PackageName] WindowsEditor [ProjectName] Editor" joined multi-casting on [225.0.0.222:54997]...
Player connection [21116] Host "[IP] 192.168.50.229 [Port] 0 [Flags] 2 [Guid] 4247366748 [EditorId] 4247366748 [Version] 1048832 [Id] WindowsEditor(7,DESKTOP-28PIDPN) [Debug] 1 [PackageName] WindowsEditor [ProjectName] Editor" joined alternative multi-casting on [225.0.0.222:34997]...
JobSystem: Creating JobQueue using job-worker-count value 5
[Physics::Module] Initialized MultithreadedJobDispatcher with 5 workers.
Library Redirect Path: Library/
Refreshing native plugins compatible for Editor in 9.14 ms, found 6 plugins.
Preloading 1 native plugins for Editor in 0.85 ms.
Initialize engine version: 2023.2.20f1 (0e25a174756c)
[Subsystems] Discovering subsystems at path C:/Program Files/2023.2.20f1/Editor/Data/Resources/UnitySubsystems
[Subsystems] Discovering subsystems at path C:/Users/user/Downloads/VRProject_1/Assets
GfxDevice: creating device client; kGfxThreadingModeNonThreaded
Direct3D:
    Version:  Direct3D 11.0 [level 11.1]
    Renderer: NVIDIA GeForce RTX 3060 (ID=0x2503)
    Vendor:   NVIDIA
    VRAM:     12115 MB
    Driver:   32.0.15.6094
Initialize mono
Mono path[0] = 'C:/Program Files/2023.2.20f1/Editor/Data/Managed'
Mono path[1] = 'C:/Program Files/2023.2.20f1/Editor/Data/MonoBleedingEdge/lib/mono/unityjit-win32'
Mono config path = 'C:/Program Files/2023.2.20f1/Editor/Data/MonoBleedingEdge/etc'
Using monoOptions --debugger-agent=transport=dt_socket,embedding=1,server=y,suspend=n,address=127.0.0.1:56540
Begin MonoManager ReloadAssembly
Registering precompiled unity dll's ...
Register platform support module: C:/Program Files/2023.2.20f1/Editor/Data/PlaybackEngines/WindowsStandaloneSupport/UnityEditor.WindowsStandalone.Extensions.dll
Register platform support module: C:/Program Files/2023.2.20f1/Editor/Data/PlaybackEngines/AndroidPlayer/UnityEditor.Android.Extensions.dll
Registered in 0.012795 seconds.
- Loaded All Assemblies, in  0.657 seconds
Native extension for Android target not found
Android Extension - Scanning For ADB Devices 454 ms
Native extension for WindowsStandalone target not found
Mono: successfully reloaded assembly
- Finished resetting the current domain, in  0.924 seconds
Domain Reload Profiling: 1568ms
	BeginReloadAssembly (235ms)
		ExecutionOrderSort (0ms)
		DisableScriptedObjects (0ms)
		BackupInstance (0ms)
		ReleaseScriptingObjects (0ms)
		CreateAndSetChildDomain (1ms)
	RebuildCommonClasses (49ms)
	RebuildNativeTypeToScriptingClass (16ms)
	initialDomainReloadingComplete (97ms)
	LoadAllAssembliesAndSetupDomain (246ms)
		LoadAssemblies (222ms)
		RebuildTransferFunctionScriptingTraits (0ms)
		AnalyzeDomain (242ms)
			TypeCache.Refresh (240ms)
				TypeCache.ScanAssembly (218ms)
			BuildScriptInfoCaches (0ms)
			ResolveRequiredComponents (1ms)
	FinalizeReload (925ms)
		ReleaseScriptCaches (0ms)
		RebuildScriptCaches (0ms)
		SetupLoadedEditorAssemblies (869ms)
			LogAssemblyErrors (0ms)
			InitializePlatformSupportModulesInManaged (580ms)
			SetLoadedEditorAssemblies (4ms)
			BeforeProcessingInitializeOnLoad (6ms)
			ProcessInitializeOnLoadAttributes (196ms)
			ProcessInitializeOnLoadMethodAttributes (83ms)
			AfterProcessingInitializeOnLoad (0ms)
			EditorAssembliesLoaded (0ms)
		ExecutionOrderSort2 (0ms)
		AwakeInstancesAfterBackupRestoration (0ms)
========================================================================
Worker process is ready to serve import requests
Import Worker Mode flag is 0x00
Begin MonoManager ReloadAssembly
Symbol file LoadedFromMemory doesn't match image C:\Users\user\Downloads\VRProject_1\Library\PackageCache\com.unity.visualscripting@1.8.0\Editor\VisualScripting.Core\Dependencies\YamlDotNet\Unity.VisualScripting.YamlDotNet.dll
Symbol file LoadedFromMemory doesn't match image C:\Users\user\Downloads\VRProject_1\Library\PackageCache\com.unity.visualscripting@1.8.0\Editor\VisualScripting.Core\Dependencies\DotNetZip\Unity.VisualScripting.IonicZip.dll
- Loaded All Assemblies, in  1.584 seconds
Refreshing native plugins compatible for Editor in 6.94 ms, found 6 plugins.
Native extension for Android target not found
Native extension for WindowsStandalone target not found
[MODES] ModeService[none].Initialize
[MODES] ModeService[none].LoadModes
[MODES] Loading mode Default (0) for mode-current-id-VRProject_1
Package Manager log level set to [2]
[Package Manager] Failed to launch server process. Reason: Unity was launched with the -noUpm command-line argument
[Package Manager] Unable to send message (not connected to server process).
[Package Manager] Cannot connect to Unity Package Manager local server
System.Reflection.TargetInvocationException: Exception has been thrown by the target of an invocation. ---> System.NullReferenceException: Object reference not set to an instance of an object
  at Unity.XR.Oculus.OculusLoader.AssetPathToAbsolutePath (System.String assetPath) [0x0003d] in .\Library\PackageCache\com.unity.xr.oculus@4.2.0\Runtime\OculusLoader.cs:298 
  at Unity.XR.Oculus.OculusLoader.EditorLoadOVRPlugin () [0x0008c] in .\Library\PackageCache\com.unity.xr.oculus@4.2.0\Runtime\OculusLoader.cs:283 
  at (wrapper managed-to-native) System.Reflection.RuntimeMethodInfo.InternalInvoke(System.Reflection.RuntimeMethodInfo,object,object[],System.Exception&)
  at System.Reflection.RuntimeMethodInfo.Invoke (System.Object obj, System.Reflection.BindingFlags invokeAttr, System.Reflection.Binder binder, System.Object[] parameters, System.Globalization.CultureInfo culture) [0x0006a] in <ecf276dcb8654fa5bed2c5ea1a4ad870>:0 
   --- End of inner exception stack trace ---
  at System.Reflection.RuntimeMethodInfo.Invoke (System.Object obj, System.Reflection.BindingFlags invokeAttr, System.Reflection.Binder binder, System.Object[] parameters, System.Globalization.CultureInfo culture) [0x00083] in <ecf276dcb8654fa5bed2c5ea1a4ad870>:0 
  at System.Reflection.MethodBase.Invoke (System.Object obj, System.Object[] parameters) [0x00000] in <ecf276dcb8654fa5bed2c5ea1a4ad870>:0 
  at UnityEditor.EditorAssemblies.ProcessInitializeOnLoadMethodAttributes () [0x00056] in <8f5ff83e453e49179847370b820a0398>:0 
UnityEngine.Debug:ExtractStackTraceNoAlloc (byte*,int,string)
UnityEngine.StackTraceUtility:ExtractStackTrace ()
UnityEngine.DebugLogHandler:Internal_Log (UnityEngine.LogType,UnityEngine.LogOption,string,UnityEngine.Object)
UnityEngine.DebugLogHandler:LogFormat (UnityEngine.LogType,UnityEngine.Object,string,object[])
UnityEngine.Logger:Log (UnityEngine.LogType,object)
UnityEngine.Debug:LogError (object)
UnityEditor.EditorAssemblies:ProcessInitializeOnLoadMethodAttributes ()

Mono: successfully reloaded assembly
[Package Manager] Failed to launch server process. Reason: Unity was launched with the -noUpm command-line argument
[Package Manager] Unable to send message (not connected to server process).
[Package Manager] Cannot connect to Unity Package Manager local server
[Package Manager] Failed to launch server process. Reason: Unity was launched with the -noUpm command-line argument
[Package Manager] Unable to send message (not connected to server process).
[Package Manager] Cannot connect to Unity Package Manager local server
- Finished resetting the current domain, in  1.105 seconds
Domain Reload Profiling: 2660ms
	BeginReloadAssembly (557ms)
		ExecutionOrderSort (0ms)
		DisableScriptedObjects (6ms)
		BackupInstance (0ms)
		ReleaseScriptingObjects (0ms)
		CreateAndSetChildDomain (32ms)
	RebuildCommonClasses (45ms)
	RebuildNativeTypeToScriptingClass (14ms)
	initialDomainReloadingComplete (70ms)
	LoadAllAssembliesAndSetupDomain (869ms)
		LoadAssemblies (733ms)
		RebuildTransferFunctionScriptingTraits (0ms)
		AnalyzeDomain (310ms)
			TypeCache.Refresh (247ms)
				TypeCache.ScanAssembly (223ms)
			BuildScriptInfoCaches (42ms)
			ResolveRequiredComponents (18ms)
	FinalizeReload (1106ms)
		ReleaseScriptCaches (0ms)
		RebuildScriptCaches (0ms)
		SetupLoadedEditorAssemblies (785ms)
			LogAssemblyErrors (0ms)
			InitializePlatformSupportModulesInManaged (22ms)
			SetLoadedEditorAssemblies (5ms)
			BeforeProcessingInitializeOnLoad (156ms)
			ProcessInitializeOnLoadAttributes (486ms)
			ProcessInitializeOnLoadMethodAttributes (94ms)
			AfterProcessingInitializeOnLoad (23ms)
			EditorAssembliesLoaded (0ms)
		ExecutionOrderSort2 (0ms)
		AwakeInstancesAfterBackupRestoration (22ms)
Launched and connected shader compiler UnityShaderCompiler.exe after 0.01 seconds
Refreshing native plugins compatible for Editor in 7.21 ms, found 6 plugins.
Preloading 1 native plugins for Editor in 0.16 ms.
Unloading 184 Unused Serialized files (Serialized files now loaded: 0)
Unloading 6406 unused Assets / (5.8 MB). Loaded Objects now: 7129.
Memory consumption went from 179.5 MB to 173.7 MB.
Total: 11.151000 ms (FindLiveObjects: 0.834800 ms CreateObjectMapping: 1.603300 ms MarkObjects: 5.231500 ms  DeleteObjects: 3.480100 ms)

========================================================================
Received Import Request.
  Time since last request: 128661.193155 seconds.
  path: Assets/Objects
  artifactKey: Guid(388a1d2e4f8d01240801980135208dcf) Importer(815301076,1909f56bfc062723c751e8b465ee728b)
Start importing Assets/Objects using Guid(388a1d2e4f8d01240801980135208dcf) Importer(815301076,1909f56bfc062723c751e8b465ee728b) (PreviewImporter) -> (artifact id: 'a42c14dd4dd24f5f155bf17ffb5c3578') in 0.0051442 seconds
Number of updated asset objects reloaded before import = 0Number of asset objects unloaded after import = 0

========================================================================
Received Import Request.
  Time since last request: 4.565735 seconds.
  path: Assets/Objects/New Folder
  artifactKey: Guid(925151a5924a1b14aac084793a9bd7a1) Importer(815301076,1909f56bfc062723c751e8b465ee728b)
Start importing Assets/Objects/New Folder using Guid(925151a5924a1b14aac084793a9bd7a1) Importer(815301076,1909f56bfc062723c751e8b465ee728b) (PreviewImporter) -> (artifact id: '087e99dd51e353f4679a4dcabbccdec4') in 0.0009392 seconds
Number of updated asset objects reloaded before import = 0Number of asset objects unloaded after import = 0

========================================================================
Received Import Request.
  Time since last request: 2.699825 seconds.
  path: Assets/Objects/New Folder 1
  artifactKey: Guid(b34ed2c73777bab4fb49b7b9aab6e5ba) Importer(815301076,1909f56bfc062723c751e8b465ee728b)
Start importing Assets/Objects/New Folder 1 using Guid(b34ed2c73777bab4fb49b7b9aab6e5ba) Importer(815301076,1909f56bfc062723c751e8b465ee728b) (PreviewImporter) -> (artifact id: '00dd6414f9735608bd9c330f056f72ec') in 0.0006849 seconds
Number of updated asset objects reloaded before import = 0Number of asset objects unloaded after import = 0

========================================================================
Received Import Request.
  Time since last request: 2.998727 seconds.
  path: Assets/Objects/New Folder 1/New Folder
  artifactKey: Guid(ef0222724a895b84fb29b080a7f6af00) Importer(815301076,1909f56bfc062723c751e8b465ee728b)
Start importing Assets/Objects/New Folder 1/New Folder using Guid(ef0222724a895b84fb29b080a7f6af00) Importer(815301076,1909f56bfc062723c751e8b465ee728b) (PreviewImporter) -> (artifact id: 'f492a6f3d8601e39e124f9e4f88e06bf') in 0.0006195 seconds
Number of updated asset objects reloaded before import = 0Number of asset objects unloaded after import = 0

========================================================================
Received Import Request.
  Time since last request: 9.239237 seconds.
  path: Assets/Objects/New Folder 2
  artifactKey: Guid(6d5d31fe8ea39494c9510361a3f38b7c) Importer(815301076,1909f56bfc062723c751e8b465ee728b)
Start importing Assets/Objects/New Folder 2 using Guid(6d5d31fe8ea39494c9510361a3f38b7c) Importer(815301076,1909f56bfc062723c751e8b465ee728b) (PreviewImporter) -> (artifact id: 'eb56d1ab921965b84b2db7f8a0da5ab8') in 0.0006353 seconds
Number of updated asset objects reloaded before import = 0Number of asset objects unloaded after import = 0

========================================================================
Received Import Request.
  Time since last request: 15.078287 seconds.
  path: Assets/Objects/Tools
  artifactKey: Guid(925151a5924a1b14aac084793a9bd7a1) Importer(815301076,1909f56bfc062723c751e8b465ee728b)
Start importing Assets/Objects/Tools using Guid(925151a5924a1b14aac084793a9bd7a1) Importer(815301076,1909f56bfc062723c751e8b465ee728b) (PreviewImporter) -> (artifact id: '388fc523aace890c17c4646719b6b6d1') in 0.0006606 seconds
Number of updated asset objects reloaded before import = 0Number of asset objects unloaded after import = 0

========================================================================
Received Import Request.
  Time since last request: 2.849831 seconds.
  path: Assets/Objects/Kitchen
  artifactKey: Guid(b34ed2c73777bab4fb49b7b9aab6e5ba) Importer(815301076,1909f56bfc062723c751e8b465ee728b)
Start importing Assets/Objects/Kitchen using Guid(b34ed2c73777bab4fb49b7b9aab6e5ba) Importer(815301076,1909f56bfc062723c751e8b465ee728b) (PreviewImporter) -> (artifact id: '30f2903e8613d2d228823a5a9ecdc4b9') in 0.0007047 seconds
Number of updated asset objects reloaded before import = 0Number of asset objects unloaded after import = 0

========================================================================
Received Import Request.
  Time since last request: 6.713187 seconds.
  path: Assets/Objects/Vegetable
  artifactKey: Guid(6d5d31fe8ea39494c9510361a3f38b7c) Importer(815301076,1909f56bfc062723c751e8b465ee728b)
Start importing Assets/Objects/Vegetable using Guid(6d5d31fe8ea39494c9510361a3f38b7c) Importer(815301076,1909f56bfc062723c751e8b465ee728b) (PreviewImporter) -> (artifact id: 'b652f32a2538358930cc57f55f86cd5e') in 0.0006208 seconds
Number of updated asset objects reloaded before import = 0Number of asset objects unloaded after import = 0

========================================================================
Received Import Request.
  Time since last request: 9.978665 seconds.
  path: Assets/Objects/Tools/uploads_files_5985701_Frying_Pan.fbx
  artifactKey: Guid(584f078b86360fb42803345b53158521) Importer(815301076,1909f56bfc062723c751e8b465ee728b)
Start importing Assets/Objects/Tools/uploads_files_5985701_Frying_Pan.fbx using Guid(584f078b86360fb42803345b53158521) Importer(815301076,1909f56bfc062723c751e8b465ee728b) (PreviewImporter) -> (artifact id: 'e42733be13ad8f303ae4f920f2f1425e') in 0.5698697 seconds
Number of updated asset objects reloaded before import = 0Number of asset objects unloaded after import = 41

========================================================================
Received Import Request.
  Time since last request: 96.560157 seconds.
  path: Assets/Objects/Tools/uploads_files_4244632_knife_01.fbx
  artifactKey: Guid(ebf9695988bec7a468de4ff2768a463a) Importer(815301076,1909f56bfc062723c751e8b465ee728b)
Start importing Assets/Objects/Tools/uploads_files_4244632_knife_01.fbx using Guid(ebf9695988bec7a468de4ff2768a463a) Importer(815301076,1909f56bfc062723c751e8b465ee728b) (PreviewImporter) -> (artifact id: '5c6d723371aff16ce9296d5a4a841ccd') in 0.9970634 seconds
Number of updated asset objects reloaded before import = 0Number of asset objects unloaded after import = 30

========================================================================
Received Import Request.
  Time since last request: 21.349544 seconds.
  path: Assets/Objects/Tools/Knife.mat
  artifactKey: Guid(c62d98d607932e046a57daf150d05bd6) Importer(815301076,1909f56bfc062723c751e8b465ee728b)
Start importing Assets/Objects/Tools/Knife.mat using Guid(c62d98d607932e046a57daf150d05bd6) Importer(815301076,1909f56bfc062723c751e8b465ee728b) (PreviewImporter) -> (artifact id: '72d0d5c16a418d447243d961ed253f0d') in 0.0155326 seconds
Number of updated asset objects reloaded before import = 0Number of asset objects unloaded after import = 23

========================================================================
Received Import Request.
  Time since last request: 29.741229 seconds.
  path: Assets/Objects/Tools/Knife
  artifactKey: Guid(966ad07fc4c5eb0439c34791e767442a) Importer(815301076,1909f56bfc062723c751e8b465ee728b)
Start importing Assets/Objects/Tools/Knife using Guid(966ad07fc4c5eb0439c34791e767442a) Importer(815301076,1909f56bfc062723c751e8b465ee728b) (PreviewImporter) -> (artifact id: '8d4cf0715e110ab350a85caf1cb78ad4') in 0.000763 seconds
Number of updated asset objects reloaded before import = 0Number of asset objects unloaded after import = 0

========================================================================
Received Import Request.
  Time since last request: 9.480974 seconds.
  path: Assets/Objects/Tools/Knife/knife_T_PBR_Diffuse.png
  artifactKey: Guid(cde73287df472cb4d86aa235ecb08c21) Importer(815301076,1909f56bfc062723c751e8b465ee728b)
Start importing Assets/Objects/Tools/Knife/knife_T_PBR_Diffuse.png using Guid(cde73287df472cb4d86aa235ecb08c21) Importer(815301076,1909f56bfc062723c751e8b465ee728b) (PreviewImporter) -> (artifact id: 'b2dcd06c9ad9d3d53256d28298b7d18c') in 0.0273811 seconds
Number of updated asset objects reloaded before import = 0Number of asset objects unloaded after import = 2

========================================================================
Received Import Request.
  Time since last request: 0.000031 seconds.
  path: Assets/Objects/Tools/Knife/knife_T_PBR_Roughness.png
  artifactKey: Guid(200ef95d51be3854f890b872fc543376) Importer(815301076,1909f56bfc062723c751e8b465ee728b)
Start importing Assets/Objects/Tools/Knife/knife_T_PBR_Roughness.png using Guid(200ef95d51be3854f890b872fc543376) Importer(815301076,1909f56bfc062723c751e8b465ee728b) (PreviewImporter) -> (artifact id: '7a3d4f0b682d27caffc76765015065e6') in 0.0120078 seconds
Number of updated asset objects reloaded before import = 0Number of asset objects unloaded after import = 2

========================================================================
Received Import Request.
  Time since last request: 0.000031 seconds.
  path: Assets/Objects/Tools/Knife/knife_T_PBR_Normal.png
  artifactKey: Guid(55c52daa67465664f92998f83cdbac6a) Importer(815301076,1909f56bfc062723c751e8b465ee728b)
Start importing Assets/Objects/Tools/Knife/knife_T_PBR_Normal.png using Guid(55c52daa67465664f92998f83cdbac6a) Importer(815301076,1909f56bfc062723c751e8b465ee728b) (PreviewImporter) -> (artifact id: '7ef94de7cead3038bd1d0ff5cb3e5d7d') in 0.012364 seconds
Number of updated asset objects reloaded before import = 0Number of asset objects unloaded after import = 2

========================================================================
Received Import Request.
  Time since last request: 191.767841 seconds.
  path: Assets/Objects/Tools/Flying Pan
  artifactKey: Guid(8cc32aa10bbb39541a77b0e55a58f8be) Importer(815301076,1909f56bfc062723c751e8b465ee728b)
Start importing Assets/Objects/Tools/Flying Pan using Guid(8cc32aa10bbb39541a77b0e55a58f8be) Importer(815301076,1909f56bfc062723c751e8b465ee728b) (PreviewImporter) -> (artifact id: '548211f45ac6ec3b3ad1ea178d00a9dd') in 0.0009533 seconds
Number of updated asset objects reloaded before import = 0Number of asset objects unloaded after import = 0

========================================================================
Received Import Request.
  Time since last request: 11.771001 seconds.
  path: Assets/Objects/Tools/Flying Pan/New Material.mat
  artifactKey: Guid(0082e76a5866cf743bdb5fa2218dfcd9) Importer(815301076,1909f56bfc062723c751e8b465ee728b)
Start importing Assets/Objects/Tools/Flying Pan/New Material.mat using Guid(0082e76a5866cf743bdb5fa2218dfcd9) Importer(815301076,1909f56bfc062723c751e8b465ee728b) (PreviewImporter) -> (artifact id: 'd828bb944f23f5a68f8cd8935c36563f') in 0.012262 seconds
Number of updated asset objects reloaded before import = 0Number of asset objects unloaded after import = 23

========================================================================
Received Import Request.
  Time since last request: 9.543179 seconds.
  path: Assets/Objects/Tools/Flying Pan/Flyingpan.mat
  artifactKey: Guid(0082e76a5866cf743bdb5fa2218dfcd9) Importer(815301076,1909f56bfc062723c751e8b465ee728b)
Start importing Assets/Objects/Tools/Flying Pan/Flyingpan.mat using Guid(0082e76a5866cf743bdb5fa2218dfcd9) Importer(815301076,1909f56bfc062723c751e8b465ee728b) (PreviewImporter) -> (artifact id: 'd87aaceea83553618ad8584aa2fcbeaa') in 0.0108625 seconds
Number of updated asset objects reloaded before import = 0Number of asset objects unloaded after import = 23

========================================================================
Received Import Request.
  Time since last request: 8.133784 seconds.
  path: Assets/Objects/Tools/Flying Pan/Pan_BaseColor.png
  artifactKey: Guid(facf1fcf3a8966140b1671d2dfffeef5) Importer(815301076,1909f56bfc062723c751e8b465ee728b)
Start importing Assets/Objects/Tools/Flying Pan/Pan_BaseColor.png using Guid(facf1fcf3a8966140b1671d2dfffeef5) Importer(815301076,1909f56bfc062723c751e8b465ee728b) (PreviewImporter) -> (artifact id: '85dbd3ba05a47c27c754040b0d479039') in 0.0117327 seconds
Number of updated asset objects reloaded before import = 0Number of asset objects unloaded after import = 2

========================================================================
Received Import Request.
  Time since last request: 0.000021 seconds.
  path: Assets/Objects/Tools/Flying Pan/Pan_Normal.png
  artifactKey: Guid(4297bd3b9a191e74e98405ab06773c99) Importer(815301076,1909f56bfc062723c751e8b465ee728b)
Start importing Assets/Objects/Tools/Flying Pan/Pan_Normal.png using Guid(4297bd3b9a191e74e98405ab06773c99) Importer(815301076,1909f56bfc062723c751e8b465ee728b) (PreviewImporter) -> (artifact id: '8e0a41f62cd53a70e5e969ff09340757') in 0.010578 seconds
Number of updated asset objects reloaded before import = 0Number of asset objects unloaded after import = 2

========================================================================
Received Import Request.
  Time since last request: 28.701899 seconds.
  path: Assets/Objects/Tools/Flying Pan/Pan_Normal.png
  artifactKey: Guid(4297bd3b9a191e74e98405ab06773c99) Importer(815301076,1909f56bfc062723c751e8b465ee728b)
Start importing Assets/Objects/Tools/Flying Pan/Pan_Normal.png using Guid(4297bd3b9a191e74e98405ab06773c99) Importer(815301076,1909f56bfc062723c751e8b465ee728b) (PreviewImporter) -> (artifact id: '6358796a7112f32e4e46a12d9a1a2327') in 0.0163359 seconds
Number of updated asset objects reloaded before import = 0Number of asset objects unloaded after import = 2

========================================================================
Received Import Request.
  Time since last request: 149.000292 seconds.
  path: Assets/Objects/Tools/Scssior
  artifactKey: Guid(480e018a6217831479971788c16a104d) Importer(815301076,1909f56bfc062723c751e8b465ee728b)
Start importing Assets/Objects/Tools/Scssior using Guid(480e018a6217831479971788c16a104d) Importer(815301076,1909f56bfc062723c751e8b465ee728b) (PreviewImporter) -> (artifact id: 'f8de7896b832f7dc7733d3dbc33b7549') in 0.0007783 seconds
Number of updated asset objects reloaded before import = 0Number of asset objects unloaded after import = 0

========================================================================
Received Import Request.
  Time since last request: 28.940283 seconds.
  path: Assets/Objects/Tools/Scssior/scissors_Base_color.png
  artifactKey: Guid(010b74047b347e64682e459dcbfcafd4) Importer(815301076,1909f56bfc062723c751e8b465ee728b)
Start importing Assets/Objects/Tools/Scssior/scissors_Base_color.png using Guid(010b74047b347e64682e459dcbfcafd4) Importer(815301076,1909f56bfc062723c751e8b465ee728b) (PreviewImporter) -> (artifact id: '3f5cc7f524736ad41c08196692410909') in 0.0157595 seconds
Number of updated asset objects reloaded before import = 0Number of asset objects unloaded after import = 2

========================================================================
Received Import Request.
  Time since last request: 0.000028 seconds.
  path: Assets/Objects/Tools/Scssior/scissors_Roughness.png
  artifactKey: Guid(cdebbe85753f49145ae4c39c1760a899) Importer(815301076,1909f56bfc062723c751e8b465ee728b)
Start importing Assets/Objects/Tools/Scssior/scissors_Roughness.png using Guid(cdebbe85753f49145ae4c39c1760a899) Importer(815301076,1909f56bfc062723c751e8b465ee728b) (PreviewImporter) -> (artifact id: 'b0b8bb141ff0bac05f090ccf9fd8057f') in 0.0345743 seconds
Number of updated asset objects reloaded before import = 0Number of asset objects unloaded after import = 2

========================================================================
Received Import Request.
  Time since last request: 0.000024 seconds.
  path: Assets/Objects/Tools/Scssior/scissors_Mixed_AO.png
  artifactKey: Guid(c95e5e1dd811f254289c8a263795e500) Importer(815301076,1909f56bfc062723c751e8b465ee728b)
Start importing Assets/Objects/Tools/Scssior/scissors_Mixed_AO.png using Guid(c95e5e1dd811f254289c8a263795e500) Importer(815301076,1909f56bfc062723c751e8b465ee728b) (PreviewImporter) -> (artifact id: '3b10137f602dc028e741cb6f339c7abf') in 0.0127691 seconds
Number of updated asset objects reloaded before import = 0Number of asset objects unloaded after import = 2

Editor requested this worker to shutdown with reason: Scaling down because of idle timeout
AssetImportWorker is now disconnected from the server
Process exiting
Exiting without the bug reporter. Application will terminate with return code 0